<?xml version="1.0" encoding="UTF-8"?>
<testsuite name="com.bestellen.click_munch.user.UserControllerTest" tests="4" skipped="0" failures="0" errors="0" timestamp="2025-02-28T02:20:40" hostname="192.168.0.7" time="0.272">
  <properties/>
  <testcase name="shouldFindById()" classname="com.bestellen.click_munch.user.UserControllerTest" time="0.266"/>
  <testcase name="shouldCreate()" classname="com.bestellen.click_munch.user.UserControllerTest" time="0.003"/>
  <testcase name="shouldFindAll()" classname="com.bestellen.click_munch.user.UserControllerTest" time="0.001"/>
  <testcase name="shouldFindByUsername()" classname="com.bestellen.click_munch.user.UserControllerTest" time="0.0"/>
  <system-out><![CDATA[]]></system-out>
  <system-err><![CDATA[]]></system-err>
</testsuite>
