<?xml version="1.0" encoding="UTF-8"?>
<testsuite name="com.bestellen.click_munch.store.StoreControllerTest" tests="6" skipped="0" failures="0" errors="0" timestamp="2025-02-27T02:11:10" hostname="DESKTOP-D4K75HQ" time="0.319">
  <properties/>
  <testcase name="findAll_ShouldReturnListOfStores()" classname="com.bestellen.click_munch.store.StoreControllerTest" time="0.299"/>
  <testcase name="findById_ShouldReturnStore_WhenExists()" classname="com.bestellen.click_munch.store.StoreControllerTest" time="0.003"/>
  <testcase name="findByName_ShouldReturnListOfStores()" classname="com.bestellen.click_munch.store.StoreControllerTest" time="0.001"/>
  <testcase name="findById_ShouldThrowException_WhenNotFound()" classname="com.bestellen.click_munch.store.StoreControllerTest" time="0.012"/>
  <testcase name="create_ShouldThrowException_WhenStoreAlreadyExists()" classname="com.bestellen.click_munch.store.StoreControllerTest" time="0.002"/>
  <testcase name="findAll_ShouldThrowException_WhenNoStoresFound()" classname="com.bestellen.click_munch.store.StoreControllerTest" time="0.001"/>
  <system-out><![CDATA[]]></system-out>
  <system-err><![CDATA[]]></system-err>
</testsuite>
